<?xml version="1.0" encoding="UTF-8"?>
<testng-results skipped="0" failed="1" total="2" passed="1">
  <reporter-output>
  </reporter-output>
  <suite name="Default suite" duration-ms="58500" started-at="2018-01-03T23:53:21Z" finished-at="2018-01-03T23:54:20Z">
    <groups>
    </groups>
    <test name="Default test" duration-ms="58500" started-at="2018-01-03T23:53:21Z" finished-at="2018-01-03T23:54:20Z">
      <class name="com.rightcomply.pages.ValidateForgotpassword">
        <test-method status="PASS" signature="init()[pri:0, instance:com.rightcomply.pages.ValidateForgotpassword@4cf777e8]" name="init" is-config="true" duration-ms="7232" started-at="2018-01-03T15:53:21Z" finished-at="2018-01-03T15:53:28Z">
          <reporter-output>
          </reporter-output>
        </test-method> <!-- init -->
        <test-method status="PASS" signature="testInit()[pri:0, instance:com.rightcomply.pages.ValidateForgotpassword@4cf777e8]" name="testInit" is-config="true" duration-ms="2593" started-at="2018-01-03T15:53:28Z" finished-at="2018-01-03T15:53:31Z">
          <reporter-output>
          </reporter-output>
        </test-method> <!-- testInit -->
        <test-method status="PASS" signature="forgotpass()[pri:0, instance:com.rightcomply.pages.ValidateForgotpassword@4cf777e8]" name="forgotpass" duration-ms="8545" started-at="2018-01-03T15:53:31Z" description="To Validate Forgot password link on homepage and click" finished-at="2018-01-03T15:53:40Z">
          <reporter-output>
          </reporter-output>
        </test-method> <!-- forgotpass -->
        <test-method status="PASS" signature="setScreenshot(org.testng.ITestResult)[pri:0, instance:com.rightcomply.pages.ValidateForgotpassword@4cf777e8]" name="setScreenshot" is-config="true" duration-ms="1" started-at="2018-01-03T15:53:40Z" finished-at="2018-01-03T15:53:40Z">
          <params>
            <param index="0">
              <value>
                <![CDATA[[TestResult name=forgotpass status=SUCCESS method=ValidateForgotpassword.forgotpass()[pri:0, instance:com.rightcomply.pages.ValidateForgotpassword@4cf777e8] output={null}]]]>
              </value>
            </param>
          </params>
          <reporter-output>
          </reporter-output>
        </test-method> <!-- setScreenshot -->
        <test-method status="FAIL" signature="emailvalidation()[pri:0, instance:com.rightcomply.pages.ValidateForgotpassword@4cf777e8]" name="emailvalidation" duration-ms="39869" started-at="2018-01-03T15:53:40Z" description="To Validate email format" finished-at="2018-01-03T15:54:19Z">
          <exception class="org.openqa.selenium.NoSuchElementException">
            <message>
              <![CDATA[Unable to locate element: {"method":"xpath","selector":"//label[@id='email-error']"}
Command duration or timeout: 30.13 seconds
For documentation on this error, please visit: http://seleniumhq.org/exceptions/no_such_element.html
Build info: version: '2.53.1', revision: 'a36b8b1cd5757287168e54b817830adce9b0158d', time: '2016-06-30 19:26:09'
System info: host: 'DESKTOP-UU5QV0O', ip: '192.168.1.4', os.name: 'Windows 10', os.arch: 'amd64', os.version: '10.0', java.version: '1.8.0_131'
Driver info: org.openqa.selenium.firefox.FirefoxDriver
Capabilities [{applicationCacheEnabled=true, rotatable=false, handlesAlerts=true, databaseEnabled=true, version=46.0.1, platform=WINDOWS, nativeEvents=false, acceptSslCerts=true, webStorageEnabled=true, locationContextEnabled=true, browserName=firefox, takesScreenshot=true, javascriptEnabled=true, cssSelectorsEnabled=true}]
Session ID: f16491d6-d04a-4a81-bbb2-fb4ba471ef3a
*** Element info: {Using=xpath, value=//label[@id='email-error']}]]>
            </message>
            <full-stacktrace>
              <![CDATA[org.openqa.selenium.NoSuchElementException: Unable to locate element: {"method":"xpath","selector":"//label[@id='email-error']"}
Command duration or timeout: 30.13 seconds
For documentation on this error, please visit: http://seleniumhq.org/exceptions/no_such_element.html
Build info: version: '2.53.1', revision: 'a36b8b1cd5757287168e54b817830adce9b0158d', time: '2016-06-30 19:26:09'
System info: host: 'DESKTOP-UU5QV0O', ip: '192.168.1.4', os.name: 'Windows 10', os.arch: 'amd64', os.version: '10.0', java.version: '1.8.0_131'
Driver info: org.openqa.selenium.firefox.FirefoxDriver
Capabilities [{applicationCacheEnabled=true, rotatable=false, handlesAlerts=true, databaseEnabled=true, version=46.0.1, platform=WINDOWS, nativeEvents=false, acceptSslCerts=true, webStorageEnabled=true, locationContextEnabled=true, browserName=firefox, takesScreenshot=true, javascriptEnabled=true, cssSelectorsEnabled=true}]
Session ID: f16491d6-d04a-4a81-bbb2-fb4ba471ef3a
*** Element info: {Using=xpath, value=//label[@id='email-error']}
	at sun.reflect.NativeConstructorAccessorImpl.newInstance0(Native Method)
	at sun.reflect.NativeConstructorAccessorImpl.newInstance(Unknown Source)
	at sun.reflect.DelegatingConstructorAccessorImpl.newInstance(Unknown Source)
	at java.lang.reflect.Constructor.newInstance(Unknown Source)
	at org.openqa.selenium.remote.ErrorHandler.createThrowable(ErrorHandler.java:206)
	at org.openqa.selenium.remote.ErrorHandler.throwIfResponseFailed(ErrorHandler.java:158)
	at org.openqa.selenium.remote.RemoteWebDriver.execute(RemoteWebDriver.java:678)
	at org.openqa.selenium.remote.RemoteWebDriver.findElement(RemoteWebDriver.java:363)
	at org.openqa.selenium.remote.RemoteWebDriver.findElementByXPath(RemoteWebDriver.java:500)
	at org.openqa.selenium.By$ByXPath.findElement(By.java:361)
	at org.openqa.selenium.remote.RemoteWebDriver.findElement(RemoteWebDriver.java:355)
	at org.openqa.selenium.support.pagefactory.DefaultElementLocator.findElement(DefaultElementLocator.java:69)
	at org.openqa.selenium.support.pagefactory.internal.LocatingElementHandler.invoke(LocatingElementHandler.java:38)
	at com.sun.proxy.$Proxy8.getText(Unknown Source)
	at com.rightcomply.pages.ValidateForgotpassword.emailvalidation(ValidateForgotpassword.java:44)
	at sun.reflect.NativeMethodAccessorImpl.invoke0(Native Method)
	at sun.reflect.NativeMethodAccessorImpl.invoke(Unknown Source)
	at sun.reflect.DelegatingMethodAccessorImpl.invoke(Unknown Source)
	at java.lang.reflect.Method.invoke(Unknown Source)
	at org.testng.internal.MethodInvocationHelper.invokeMethod(MethodInvocationHelper.java:85)
	at org.testng.internal.Invoker.invokeMethod(Invoker.java:639)
	at org.testng.internal.Invoker.invokeTestMethod(Invoker.java:821)
	at org.testng.internal.Invoker.invokeTestMethods(Invoker.java:1131)
	at org.testng.internal.TestMethodWorker.invokeTestMethods(TestMethodWorker.java:124)
	at org.testng.internal.TestMethodWorker.run(TestMethodWorker.java:108)
	at org.testng.TestRunner.privateRun(TestRunner.java:773)
	at org.testng.TestRunner.run(TestRunner.java:623)
	at org.testng.SuiteRunner.runTest(SuiteRunner.java:357)
	at org.testng.SuiteRunner.runSequentially(SuiteRunner.java:352)
	at org.testng.SuiteRunner.privateRun(SuiteRunner.java:310)
	at org.testng.SuiteRunner.run(SuiteRunner.java:259)
	at org.testng.SuiteRunnerWorker.runSuite(SuiteRunnerWorker.java:52)
	at org.testng.SuiteRunnerWorker.run(SuiteRunnerWorker.java:86)
	at org.testng.TestNG.runSuitesSequentially(TestNG.java:1185)
	at org.testng.TestNG.runSuitesLocally(TestNG.java:1110)
	at org.testng.TestNG.run(TestNG.java:1018)
	at org.testng.remote.AbstractRemoteTestNG.run(AbstractRemoteTestNG.java:132)
	at org.testng.remote.RemoteTestNG.initAndRun(RemoteTestNG.java:230)
	at org.testng.remote.RemoteTestNG.main(RemoteTestNG.java:76)
Caused by: org.openqa.selenium.NoSuchElementException: Unable to locate element: {"method":"xpath","selector":"//label[@id='email-error']"}
For documentation on this error, please visit: http://seleniumhq.org/exceptions/no_such_element.html
Build info: version: '2.53.1', revision: 'a36b8b1cd5757287168e54b817830adce9b0158d', time: '2016-06-30 19:26:09'
System info: host: 'DESKTOP-UU5QV0O', ip: '192.168.1.4', os.name: 'Windows 10', os.arch: 'amd64', os.version: '10.0', java.version: '1.8.0_131'
Driver info: driver.version: unknown
	at <anonymous class>.FirefoxDriver.prototype.findElementInternal_(file:///C:/Users/RIGHTC~1/AppData/Local/Temp/anonymous847172656446236936webdriver-profile/extensions/fxdriver@googlecode.com/components/driver-component.js:10770)
	at <anonymous class>.fxdriver.Timer.prototype.setTimeout/<.notify(file:///C:/Users/RIGHTC~1/AppData/Local/Temp/anonymous847172656446236936webdriver-profile/extensions/fxdriver@googlecode.com/components/driver-component.js:625)
]]>
            </full-stacktrace>
          </exception> <!-- org.openqa.selenium.NoSuchElementException -->
          <reporter-output>
          </reporter-output>
        </test-method> <!-- emailvalidation -->
        <test-method status="PASS" signature="setScreenshot(org.testng.ITestResult)[pri:0, instance:com.rightcomply.pages.ValidateForgotpassword@4cf777e8]" name="setScreenshot" is-config="true" duration-ms="236" started-at="2018-01-03T15:54:19Z" finished-at="2018-01-03T15:54:20Z">
          <params>
            <param index="0">
              <value>
                <![CDATA[[TestResult name=emailvalidation status=FAILURE method=ValidateForgotpassword.emailvalidation()[pri:0, instance:com.rightcomply.pages.ValidateForgotpassword@4cf777e8] output={null}]]]>
              </value>
            </param>
          </params>
          <reporter-output>
          </reporter-output>
        </test-method> <!-- setScreenshot -->
        <test-method status="PASS" signature="tearDown()[pri:0, instance:com.rightcomply.pages.ValidateForgotpassword@4cf777e8]" name="tearDown" is-config="true" duration-ms="621" started-at="2018-01-03T15:54:20Z" finished-at="2018-01-03T15:54:20Z">
          <reporter-output>
          </reporter-output>
        </test-method> <!-- tearDown -->
      </class> <!-- com.rightcomply.pages.ValidateForgotpassword -->
    </test> <!-- Default test -->
  </suite> <!-- Default suite -->
</testng-results>
